Already up-to-date.

*** Please tell me who you are.

Run

  git config --global user.email "you@example.com"
  git config --global user.name "Your Name"

to set your account's default identity.
Omit --global to set the identity only in this repository.

fatal: unable to auto-detect email address (got 'root@VM-8-5-centos.(none)')
warning: push.default is unset; its implicit value is changing in
Git 2.0 from 'matching' to 'simple'. To squelch this message
and maintain the current behavior after the default changes, use:

  git config --global push.default matching

To squelch this message and adopt the new behavior now, use:

  git config --global push.default simple

See 'git help config' and search for 'push.default' for further information.
(the 'simple' mode was introduced in Git 1.7.11. Use the similar mode
'current' instead of 'simple' if you sometimes use older versions of Git)

Everything up-to-date
Already up-to-date.
[main e26bf83] schedule commit
 2 files changed, 2 insertions(+)
remote: To git@github.com:fwh666/github_schedule.git
   b89274d..e26bf83  main -> main
Already up-to-date.
[main b372bb7] schedule commit
 2 files changed, 6 insertions(+)
remote: To git@github.com:fwh666/github_schedule.git
   e26bf83..b372bb7  main -> main
Already up-to-date.
[main cdb3f17] schedule commit
 2 files changed, 6 insertions(+)
remote: To git@github.com:fwh666/github_schedule.git
   b372bb7..cdb3f17  main -> main
Already up-to-date.
[main 0f964c9] schedule commit
 2 files changed, 6 insertions(+)
remote: To git@github.com:fwh666/github_schedule.git
   cdb3f17..0f964c9  main -> main
Already up-to-date.
